[I 14:15:08.802 NotebookApp] Writing notebook server cookie secret to /root/.local/share/jupyter/runtime/notebook_cookie_secret
[I 14:15:08.934 NotebookApp] Serving notebooks from local directory: /mlCodebase/development/ml
[I 14:15:08.934 NotebookApp] The Jupyter Notebook is running at:
[I 14:15:08.934 NotebookApp] http://(cf6e4cd60a8d or 127.0.0.1):8000/
[I 14:15:08.934 NotebookApp] Use Control-C to stop this server and shut down all kernels (twice to skip confirmation).
[W 14:15:08.934 NotebookApp] No web browser found: could not locate runnable browser.
[I 14:15:21.478 NotebookApp] 302 GET / (146.169.174.224) 0.83ms
[W 14:15:21.487 NotebookApp] Clearing invalid/expired login cookie username-dev-pollstr-io-8000
[W 14:15:21.488 NotebookApp] Clearing invalid/expired login cookie username-dev-pollstr-io-8000
[I 14:15:21.488 NotebookApp] 302 GET /tree? (146.169.174.224) 2.50ms
[I 14:15:27.030 NotebookApp] 302 POST /login?next=%2Ftree%3F (146.169.174.224) 1.36ms
[I 14:15:36.714 NotebookApp] New terminal with automatic name: 1
[I 14:17:56.410 NotebookApp] Saving file at /algorithms/__init__.py
[I 14:18:21.128 NotebookApp] 302 GET / (146.169.174.224) 0.54ms
[I 14:19:12.263 NotebookApp] Saving file at /algorithms/__init__.py
[I 14:20:10.730 NotebookApp] Saving file at /tasks/train.sh
[I 14:27:15.284 NotebookApp] Saving file at /training/gpu_manager.py
[I 14:27:20.734 NotebookApp] Saving file at /training/gpu_manager.py
[I 14:27:28.687 NotebookApp] Creating new notebook in /training
[I 14:27:28.723 NotebookApp] Writing notebook-signing key to /root/.local/share/jupyter/notebook_secret
[I 14:27:29.672 NotebookApp] Kernel started: 478e4cd7-d379-415c-9233-4d5cb4552876
[I 14:27:30.036 NotebookApp] Adapting to protocol v5.1 for kernel 478e4cd7-d379-415c-9233-4d5cb4552876
[I 14:28:59.371 NotebookApp] Saving file at /training/gpu_manager.py
[I 14:29:30.322 NotebookApp] Saving file at /training/Untitled.ipynb
[I 14:32:31.747 NotebookApp] Saving file at /training/gpu_manager.py
[I 14:37:40.592 NotebookApp] Saving file at /training/gpu_manager.py
[I 14:38:55.147 NotebookApp] Saving file at /training/gpu_manager.py
[I 14:39:16.695 NotebookApp] Saving file at /training/gpu_manager.py
[I 14:41:45.414 NotebookApp] Saving file at /training/gpu_manager.py
[I 14:44:00.824 NotebookApp] Saving file at /training/gpu_manager.py
[I 14:49:02.927 NotebookApp] Saving file at /training/gpu_manager.py
[I 14:49:42.373 NotebookApp] Saving file at /tasks/experiments/sample.json
[I 14:51:11.558 NotebookApp] Starting buffering for 478e4cd7-d379-415c-9233-4d5cb4552876:dedfdc77bdc84db18ab123df708e1d47
[I 14:51:23.756 NotebookApp] Saving file at /training/gpu_manager.py
[I 14:51:32.288 NotebookApp] Kernel shutdown: 478e4cd7-d379-415c-9233-4d5cb4552876
[W 14:51:32.291 NotebookApp] delete /training/Untitled.ipynb
[W 14:51:32.292 NotebookApp] Skipping trash for /mlCodebase/development/ml/training/Untitled.ipynb, on different device to home directory
[I 14:52:27.472 NotebookApp] Saving file at /tasks/experiments/sample.json
[I 14:58:27.282 NotebookApp] Saving file at /tasks/experiments/sample.json
[I 15:01:54.343 NotebookApp] Saving file at /tasks/experiments/sample.json
[I 15:02:08.340 NotebookApp] Saving file at /tasks/experiments/sample.json
[I 15:05:29.856 NotebookApp] Saving file at /tasks/experiments/sample.json
[I 15:19:53.400 NotebookApp] 302 GET / (146.169.174.224) 0.58ms
[I 15:20:31.500 NotebookApp] EOF on FD 13; stopping reading
[I 15:20:31.601 NotebookApp] Terminal 1 closed
[I 15:20:35.214 NotebookApp] New terminal with automatic name: 1
[I 15:24:22.445 NotebookApp] Saving file at /tasks/train.sh
[I 11:40:45.037 NotebookApp] 302 GET / (146.169.173.162) 0.62ms
[I 12:06:41.355 NotebookApp] 302 GET / (146.169.173.162) 0.61ms
[I 12:06:41.361 NotebookApp] 302 GET /tree? (146.169.173.162) 0.81ms
[I 14:42:35.427 NotebookApp] EOF on FD 14; stopping reading
[I 14:42:35.528 NotebookApp] Terminal 1 closed
[I 14:42:46.237 NotebookApp] New terminal with automatic name: 1
[I 14:45:33.073 NotebookApp] Saving file at /tasks/experiments/sample.json
[I 14:50:54.238 NotebookApp] Saving file at /tasks/experiments/sample.json
[I 14:52:58.251 NotebookApp] Saving file at /run_experiment.py
[I 14:53:52.906 NotebookApp] Saving file at /run_experiment.py
[I 14:54:24.057 NotebookApp] Saving file at /training/prepare_experiments.py
[I 15:02:14.299 NotebookApp] Saving file at /tasks/experiments/sample.json
[I 15:02:16.726 NotebookApp] Saving file at /training/prepare_experiments.py
[I 15:04:52.172 NotebookApp] Saving file at /run_experiment.py
[I 15:08:36.197 NotebookApp] Saving file at /run_experiment.py
[I 15:10:02.249 NotebookApp] Saving file at /run_experiment.py
[I 15:12:58.405 NotebookApp] Saving file at /tasks/experiments/sample.json
[I 15:14:25.129 NotebookApp] Saving file at /tasks/train.sh
[I 12:32:31.198 NotebookApp] 302 GET / (146.169.174.234) 0.62ms
[I 12:33:27.420 NotebookApp] Creating new file in /algorithms
[I 12:50:31.570 NotebookApp] Saving file at /algorithms/line_lstm.py
[I 12:51:21.622 NotebookApp] Saving file at /algorithms/__init__.py
[I 12:51:29.255 NotebookApp] New terminal with automatic name: 2
[I 12:51:34.961 NotebookApp] EOF on FD 14; stopping reading
[I 12:51:35.062 NotebookApp] Terminal 1 closed
[I 12:51:37.307 NotebookApp] EOF on FD 25; stopping reading
[I 12:51:37.408 NotebookApp] Terminal 2 closed
[I 12:52:40.601 NotebookApp] Saving file at /tasks/train.sh
[I 12:52:57.979 NotebookApp] 302 GET / (146.169.174.234) 0.53ms
[I 12:53:02.948 NotebookApp] New terminal with automatic name: 1
[I 12:55:56.763 NotebookApp] Saving file at /algorithms/line_lstm.py
[I 12:56:15.422 NotebookApp] Saving file at /algorithms/line_lstm.py
[I 12:56:34.419 NotebookApp] Saving file at /algorithms/line_lstm.py
[I 12:56:55.270 NotebookApp] Saving file at /algorithms/line_lstm.py
[I 13:34:18.938 NotebookApp] Saving file at /algorithms/line_lstm.py
[I 13:37:19.545 NotebookApp] New terminal with automatic name: 2
[I 13:37:37.865 NotebookApp] Creating new file in /datasets
[I 13:39:47.079 NotebookApp] Saving file at /datasets/iam_lines.py
[I 13:40:52.100 NotebookApp] Saving file at /datasets/__init__.py
[I 13:41:01.555 NotebookApp] Saving file at /tasks/train.sh
[I 13:47:45.971 NotebookApp] Saving file at /tasks/train.sh
[I 13:48:34.880 NotebookApp] Saving file at /tasks/train.sh
[I 13:49:42.119 NotebookApp] Saving file at /models/line_model.py
[I 13:52:58.462 NotebookApp] Saving file at /models/line_model.py
[I 13:53:36.466 NotebookApp] Saving file at /algorithms/line_lstm.py
[I 13:58:47.299 NotebookApp] Saving file at /tasks/train.sh
[I 14:13:39.128 NotebookApp] Creating new directory in 
[I 14:13:53.887 NotebookApp] Refusing to serve hidden directory '/mlCodebase/development/ml/.circleci', via 404 Error
[W 14:13:53.887 NotebookApp] 404 PATCH /api/contents/Untitled%20Folder (146.169.174.234): directory does not exist: '.circleci'
[W 14:13:53.887 NotebookApp] directory does not exist: '.circleci'
[W 14:13:53.888 NotebookApp] 404 PATCH /api/contents/Untitled%20Folder (146.169.174.234) 2.45ms referer=http://dev.pollstr.io:8000/tree
[W 14:14:09.062 NotebookApp] 500 PATCH /api/contents/Untitled%20Folder (146.169.174.234): Unknown error renaming file: Untitled Folder [Errno 2] No such file or directory: '/mlCodebase/development/ml/Untitled Folder'
[W 14:14:09.064 NotebookApp] Unknown error renaming file: Untitled Folder [Errno 2] No such file or directory: '/mlCodebase/development/ml/Untitled Folder'
[E 14:14:09.064 NotebookApp] {
      "Host": "dev.pollstr.io:8000",
      "Connection": "keep-alive",
      "Content-Length": "19",
      "Accept": "application/json, text/javascript, */*; q=0.01",
      "Origin": "http://dev.pollstr.io:8000",
      "X-Requested-With": "XMLHttpRequest",
      "X-Xsrftoken": "2|8268d24a|2039dff9bc3ac075f0e5f1cce2fdc273|1541522577",
      "User-Agent": "Mozilla/5.0 (Macintosh; Intel Mac OS X 10_14_0) AppleWebKit/537.36 (KHTML, like Gecko) Chrome/70.0.3538.102 Safari/537.36",
      "Content-Type": "application/json",
      "Referer": "http://dev.pollstr.io:8000/tree",
      "Accept-Encoding": "gzip, deflate",
      "Accept-Language": "en-US,en;q=0.9,es;q=0.8",
      "Cookie": "_ga=GA1.2.1403209039.1500550788; _xsrf=2|8268d24a|2039dff9bc3ac075f0e5f1cce2fdc273|1541522577; username-dev-pollstr-io-8080=\"2|1:0|10:1542292953|28:username-dev-pollstr-io-8080|44:ODkyNWViZDI4YjRhNGRiZTk1YmM1NDQ2MTE5MjE0YTA=|b871669cecdc21579329312befde358757399ed6e425887f919051260b3e81ee\"; username-dev-pollstr-io-8001=\"2|1:0|10:1542895513|28:username-dev-pollstr-io-8001|44:NmE3MzM1MmQwOGRlNDQzMDg5NDcyMWQ4MjgxYTQwMjQ=|1d26f0e192cf590abc575754a163383c00b09a1c90a1f26cfcc9b5cb9fa9ebda\"; username-dev-pollstr-io-8000=\"2|1:0|10:1543328127|28:username-dev-pollstr-io-8000|44:N2Y5NTJiZGFkODg2NGVjY2E0MmIwYmIyNWMwZjhhOTA=|3b284044806e1babee23f09861d33a91b0c87c4d7bb8012175ea526429ab6180\"; username-dev-pollstr-io-8081=\"2|1:0|10:1543406501|28:username-dev-pollstr-io-8081|44:NzgzYzVkOWQ4MTdjNDQxZTg3ZDJjMDM2Zjc5YWIyZTk=|3b1151ffa7b84c371e21899adfa049e390aa9444e966c7433d9d1aacf344ca0b\""
    }
[E 14:14:09.064 NotebookApp] 500 PATCH /api/contents/Untitled%20Folder (146.169.174.234) 3.54ms referer=http://dev.pollstr.io:8000/tree
[I 14:14:28.797 NotebookApp] Creating new directory in 
[W 14:14:39.923 NotebookApp] 409 PATCH /api/contents/Untitled%20Folder (146.169.174.234): File already exists: .circleci
[W 14:14:39.924 NotebookApp] File already exists: .circleci
[W 14:14:39.924 NotebookApp] 409 PATCH /api/contents/Untitled%20Folder (146.169.174.234) 2.41ms referer=http://dev.pollstr.io:8000/tree
[W 14:15:50.857 NotebookApp] delete /Untitled Folder
[I 14:47:01.907 NotebookApp] Creating new directory in 
[I 14:48:16.265 NotebookApp] Creating new file in /evaluation
[W 14:51:41.002 NotebookApp] 404 GET /api/contents/evaluation/untitled.txt?content=0&_=1543502896631 (146.169.174.234): No such file or directory: evaluation/untitled.txt
[W 14:51:41.002 NotebookApp] No such file or directory: evaluation/untitled.txt
[W 14:51:41.003 NotebookApp] 404 GET /api/contents/evaluation/untitled.txt?content=0&_=1543502896631 (146.169.174.234) 1.55ms referer=http://dev.pollstr.io:8000/edit/evaluation/untitled.txt
[I 14:51:41.015 NotebookApp] Uploading file to /evaluation/untitled.txt
[W 14:51:48.423 NotebookApp] delete /evaluation/evaluate_character_predictor.py
[W 14:51:48.423 NotebookApp] Skipping trash for /mlCodebase/development/ml/evaluation/evaluate_character_predictor.py, on different device to home directory
[I 14:55:40.549 NotebookApp] Saving file at /evaluation/evaluate_emnist_predictor.py
[I 14:56:18.473 NotebookApp] EOF on FD 14; stopping reading
[I 14:56:18.573 NotebookApp] Terminal 1 closed
[I 14:56:19.893 NotebookApp] EOF on FD 24; stopping reading
[I 14:56:19.993 NotebookApp] Terminal 2 closed
[I 14:57:24.705 NotebookApp] Saving file at /tasks/train.sh
[I 14:57:33.293 NotebookApp] New terminal with automatic name: 1
[I 11:07:38.600 NotebookApp] Saving file at /tasks/train.sh
[I 11:07:42.576 NotebookApp] EOF on FD 13; stopping reading
[I 11:07:42.677 NotebookApp] Terminal 1 closed
[I 11:07:48.097 NotebookApp] New terminal with automatic name: 1
[I 11:08:07.678 NotebookApp] Saving file at /tasks/train.sh
[I 11:09:18.660 NotebookApp] Saving file at /tasks/train.sh
[I 11:09:40.887 NotebookApp] Saving file at /tasks/train.sh
[I 11:12:03.851 NotebookApp] Saving file at /tasks/train.sh
[I 11:12:56.931 NotebookApp] Saving file at /tasks/prepare_sample_experiments.sh
[I 13:53:05.945 NotebookApp] Writing notebook server cookie secret to /root/.local/share/jupyter/runtime/notebook_cookie_secret
[I 13:53:06.078 NotebookApp] Serving notebooks from local directory: /sentiment
[I 13:53:06.078 NotebookApp] The Jupyter Notebook is running at:
[I 13:53:06.078 NotebookApp] http://(829d9be8e1b8 or 127.0.0.1):8000/
[I 13:53:06.078 NotebookApp] Use Control-C to stop this server and shut down all kernels (twice to skip confirmation).
[W 13:53:06.081 NotebookApp] No web browser found: could not locate runnable browser.
[I 13:53:17.529 NotebookApp] 302 GET / (146.169.167.191) 0.80ms
[I 13:53:17.536 NotebookApp] 302 GET /tree? (146.169.167.191) 1.03ms
[I 13:53:21.198 NotebookApp] 302 POST /login?next=%2Ftree%3F (146.169.167.191) 1.68ms
[I 13:54:33.166 NotebookApp] 302 GET /tree? (146.169.167.191) 0.75ms
[I 14:06:17.862 NotebookApp] Creating new file in 
[I 14:06:33.323 NotebookApp] Creating new file in 
[W 14:08:55.740 NotebookApp] delete /algorithms/ctc.py
[W 14:08:55.741 NotebookApp] Skipping trash for /sentiment/algorithms/ctc.py, on different device to home directory
[W 14:08:55.744 NotebookApp] delete /algorithms/lenet.py
[W 14:08:55.744 NotebookApp] Skipping trash for /sentiment/algorithms/lenet.py, on different device to home directory
[W 14:08:55.747 NotebookApp] delete /algorithms/lenet_cnn_all_conv.py
[W 14:08:55.747 NotebookApp] Skipping trash for /sentiment/algorithms/lenet_cnn_all_conv.py, on different device to home directory
[W 14:08:55.749 NotebookApp] delete /algorithms/lenet_sliding_windows.py
[W 14:08:55.749 NotebookApp] Skipping trash for /sentiment/algorithms/lenet_sliding_windows.py, on different device to home directory
[W 14:08:55.752 NotebookApp] delete /algorithms/line_lstm_ctc.py
[W 14:08:55.753 NotebookApp] Skipping trash for /sentiment/algorithms/line_lstm_ctc.py, on different device to home directory
[W 14:08:55.754 NotebookApp] delete /algorithms/line_lstm.py
[W 14:08:55.754 NotebookApp] Skipping trash for /sentiment/algorithms/line_lstm.py, on different device to home directory
[W 14:08:55.756 NotebookApp] delete /algorithms/svm.py
[W 14:08:55.756 NotebookApp] Skipping trash for /sentiment/algorithms/svm.py, on different device to home directory
[W 14:09:03.797 NotebookApp] delete /data/processed
[W 14:09:24.243 NotebookApp] delete /datasets/emnist.py
[W 14:09:24.243 NotebookApp] Skipping trash for /sentiment/datasets/emnist.py, on different device to home directory
[W 14:09:24.246 NotebookApp] delete /datasets/emnist_lines.py
[W 14:09:24.246 NotebookApp] Skipping trash for /sentiment/datasets/emnist_lines.py, on different device to home directory
[W 14:09:24.248 NotebookApp] delete /datasets/sentences.py
[W 14:09:24.248 NotebookApp] Skipping trash for /sentiment/datasets/sentences.py, on different device to home directory
[W 14:09:24.250 NotebookApp] delete /datasets/iam_lines.py
[W 14:09:24.250 NotebookApp] Skipping trash for /sentiment/datasets/iam_lines.py, on different device to home directory
[W 14:09:24.252 NotebookApp] delete /datasets/sklearn_20newsgroups.py
[W 14:09:24.252 NotebookApp] Skipping trash for /sentiment/datasets/sklearn_20newsgroups.py, on different device to home directory
[W 14:09:24.254 NotebookApp] delete /datasets/sklearn_digits.py
[W 14:09:24.254 NotebookApp] Skipping trash for /sentiment/datasets/sklearn_digits.py, on different device to home directory
[W 14:09:45.848 NotebookApp] delete /models/emnist_model.py
[W 14:09:45.849 NotebookApp] Skipping trash for /sentiment/models/emnist_model.py, on different device to home directory
[W 14:09:45.852 NotebookApp] delete /models/emnist_sklearn_model.py
[W 14:09:45.852 NotebookApp] Skipping trash for /sentiment/models/emnist_sklearn_model.py, on different device to home directory
[W 14:09:45.854 NotebookApp] delete /models/line_model.py
[W 14:09:45.854 NotebookApp] Skipping trash for /sentiment/models/line_model.py, on different device to home directory
[W 14:09:45.857 NotebookApp] delete /models/line_model_ctc.py
[W 14:09:45.857 NotebookApp] Skipping trash for /sentiment/models/line_model_ctc.py, on different device to home directory
[W 14:10:17.611 NotebookApp] delete /weights/EmnistModel_EmnistDataset_lenet_weights.h5
[W 14:10:17.612 NotebookApp] Skipping trash for /sentiment/weights/EmnistModel_EmnistDataset_lenet_weights.h5, on different device to home directory
[W 14:10:17.615 NotebookApp] delete /weights/SVMModel_sklearnDigitsSVM_weights.pkl
[W 14:10:17.615 NotebookApp] Skipping trash for /sentiment/weights/SVMModel_sklearnDigitsSVM_weights.pkl, on different device to home directory
[W 14:10:35.222 NotebookApp] delete /emnist_essentials.json
[W 14:10:35.222 NotebookApp] Skipping trash for /sentiment/emnist_essentials.json, on different device to home directory
[W 14:10:35.224 NotebookApp] delete /emnist_predictor.py
[W 14:10:35.224 NotebookApp] Skipping trash for /sentiment/emnist_predictor.py, on different device to home directory
[I 14:13:54.753 NotebookApp] Creating new file in 
[I 14:15:23.071 NotebookApp] Creating new file in /datasets
[I 14:18:46.515 NotebookApp] Creating new directory in 
[I 14:19:16.401 NotebookApp] Creating new file in 
[I 14:37:40.075 NotebookApp] Creating new notebook in 
[I 14:37:40.109 NotebookApp] Writing notebook-signing key to /root/.local/share/jupyter/notebook_secret
[I 14:37:41.289 NotebookApp] Kernel started: a1d20d6e-3806-48e6-982e-233aec46c6f7
[I 14:37:41.651 NotebookApp] Adapting to protocol v5.1 for kernel a1d20d6e-3806-48e6-982e-233aec46c6f7
[I 14:39:02.863 NotebookApp] Saving file at /prototyping.ipynb
[I 14:39:41.308 NotebookApp] Saving file at /prototyping.ipynb
[I 14:41:30.067 NotebookApp] Saving file at /prototyping.ipynb
[I 14:41:32.537 NotebookApp] Starting buffering for a1d20d6e-3806-48e6-982e-233aec46c6f7:3cbf217517a94a7bb9e4292e8a75e604
[I 14:41:36.966 NotebookApp] Kernel shutdown: a1d20d6e-3806-48e6-982e-233aec46c6f7
[I 14:41:38.925 NotebookApp] Kernel started: 9f122002-7128-47e9-9a22-86ce9402ca1b
[I 14:41:39.297 NotebookApp] Adapting to protocol v5.1 for kernel 9f122002-7128-47e9-9a22-86ce9402ca1b
[I 14:43:38.950 NotebookApp] Saving file at /prototyping.ipynb
[I 14:47:39.719 NotebookApp] Saving file at /prototyping.ipynb
[W 14:47:42.014 NotebookApp] delete /utils.py
[W 14:47:42.015 NotebookApp] Skipping trash for /sentiment/utils.py, on different device to home directory
[I 14:49:39.056 NotebookApp] Saving file at /prototyping.ipynb
[I 14:50:35.743 NotebookApp] Starting buffering for 9f122002-7128-47e9-9a22-86ce9402ca1b:68df28dfd1a54ff3bf81eff8b4a79ec7
[I 14:50:36.254 NotebookApp] Kernel restarted: 9f122002-7128-47e9-9a22-86ce9402ca1b
[I 14:50:36.339 NotebookApp] Adapting to protocol v5.1 for kernel 9f122002-7128-47e9-9a22-86ce9402ca1b
[I 14:50:36.340 NotebookApp] Restoring connection for 9f122002-7128-47e9-9a22-86ce9402ca1b:68df28dfd1a54ff3bf81eff8b4a79ec7
[I 14:50:36.340 NotebookApp] Replaying 7 buffered messages
[I 14:51:38.992 NotebookApp] Saving file at /prototyping.ipynb
[W 15:09:22.196 NotebookApp] delete /algorithms/utils.py
[W 15:09:22.197 NotebookApp] Skipping trash for /sentiment/algorithms/utils.py, on different device to home directory
[I 15:09:25.986 NotebookApp] Creating new file in /algorithms
[I 15:37:27.970 NotebookApp] Creating new file in /models
[I 16:05:40.159 NotebookApp] Saving file at /prototyping.ipynb
[I 16:05:51.964 NotebookApp] Saving file at /prototyping.ipynb
[I 16:06:28.626 NotebookApp] Saving file at /prototyping.ipynb
[I 16:06:31.544 NotebookApp] Starting buffering for 9f122002-7128-47e9-9a22-86ce9402ca1b:68df28dfd1a54ff3bf81eff8b4a79ec7
[I 16:06:38.441 NotebookApp] Kernel shutdown: 9f122002-7128-47e9-9a22-86ce9402ca1b
[I 16:06:40.085 NotebookApp] Kernel started: 24fddd50-abfb-404b-9315-f3addb6a5ff8
[I 16:06:40.459 NotebookApp] Adapting to protocol v5.1 for kernel 24fddd50-abfb-404b-9315-f3addb6a5ff8
[I 16:07:01.178 NotebookApp] Starting buffering for 24fddd50-abfb-404b-9315-f3addb6a5ff8:803d6e4173d34b0bb37642e6ed8bd19b
[I 16:07:01.495 NotebookApp] Kernel restarted: 24fddd50-abfb-404b-9315-f3addb6a5ff8
[I 16:07:01.513 NotebookApp] Adapting to protocol v5.1 for kernel 24fddd50-abfb-404b-9315-f3addb6a5ff8
[I 16:07:01.514 NotebookApp] Restoring connection for 24fddd50-abfb-404b-9315-f3addb6a5ff8:803d6e4173d34b0bb37642e6ed8bd19b
[I 16:07:01.514 NotebookApp] Replaying 7 buffered messages
[I 16:07:35.728 NotebookApp] Saving file at /prototyping.ipynb
[I 16:07:39.836 NotebookApp] Starting buffering for 24fddd50-abfb-404b-9315-f3addb6a5ff8:803d6e4173d34b0bb37642e6ed8bd19b
[I 16:07:47.059 NotebookApp] Kernel shutdown: 24fddd50-abfb-404b-9315-f3addb6a5ff8
[W 16:07:47.062 NotebookApp] delete /prototyping.ipynb
[W 16:07:47.062 NotebookApp] Skipping trash for /sentiment/prototyping.ipynb, on different device to home directory
[I 16:07:48.795 NotebookApp] Creating new notebook in 
[I 16:07:49.758 NotebookApp] Kernel started: f3c0e89a-676e-4dbe-8c5d-d3abfb5f4bd5
[I 16:07:50.145 NotebookApp] Adapting to protocol v5.1 for kernel f3c0e89a-676e-4dbe-8c5d-d3abfb5f4bd5
[W 16:09:27.676 NotebookApp] delete /data/processed/sentiment140/data_sentiment140_character_level.h5
[W 16:09:27.676 NotebookApp] Skipping trash for /sentiment/data/processed/sentiment140/data_sentiment140_character_level.h5, on different device to home directory
[I 16:09:50.009 NotebookApp] Saving file at /Untitled.ipynb
[I 16:48:22.546 NotebookApp] Starting buffering for f3c0e89a-676e-4dbe-8c5d-d3abfb5f4bd5:3dbf3a06037f40389e75a0e5fbb0ffa1
